2021-03-09 08:20:03,408 INFO (StartupInfoLogger.java:55)- Starting ConnecttoweChatApplication v0.0.1-SNAPSHOT using Java 1.8.0_212 on 2bfe401b7ad2 with PID 1 (/home/app.jar started by root in /home)
2021-03-09 08:20:03,414 DEBUG (StartupInfoLogger.java:56)- Running with Spring Boot v2.4.0, Spring v5.3.1
2021-03-09 08:20:03,415 INFO (SpringApplication.java:660)- No active profile set, falling back to default profiles: default
2021-03-09 08:20:11,896 DEBUG (GenericFilterBean.java:242)- Filter 'securityFilter' configured for use
2021-03-09 08:20:12,000 INFO (AnalysisEngine.java:22)- CompressFileAnalysisEngine started
2021-03-09 08:20:12,005 INFO (LocalAnalysisEngine.java:43)- Analysis engine started
2021-03-09 08:20:12,208 INFO (ALiYunDomainRecordService.java:37)- create aliyun IClientProfile success! param:cn-hangzhou,LTAI4G7MCSbGgJc7XkCoJQkt,if0jrVTZT9LAohQSlJTp9gWDV2xF3G
2021-03-09 08:20:12,215 ERROR (LionSouIPService.java:34)- Failed to load COUNTRY GeoIP db: class path resource [config/resource/ip2region.db] cannot be resolved to absolute file path because it does not reside in the file system: jar:file:/home/app.jar!/BOOT-INF/classes!/config/resource/ip2region.db
2021-03-09 08:20:13,118 INFO (StartupInfoLogger.java:61)- Started ConnecttoweChatApplication in 10.292 seconds (JVM running for 10.946)
2021-03-09 08:20:13,339 INFO (NettyServer.java:73)-  server start up on port : 8077
2021-03-09 08:20:13,341 INFO (ConnecttoweChatApplication.java:32)- -------------------------
2021-03-09 08:20:13,341 INFO (ConnecttoweChatApplication.java:33)- -------------------------
2021-03-09 08:20:35,409 INFO (MessageHandler.java:107)- 2021-03-09T08:20:35.409Z --> client [172.17.0.1:48454] online 
2021-03-09 08:20:44,520 DEBUG (BaseJdbcLogger.java:137)- ==>  Preparing: select u.* from user u where (u.name = ? or u.phone = ? or u.email = ?) and is_delete = 0
2021-03-09 08:20:44,549 DEBUG (BaseJdbcLogger.java:137)- ==> Parameters: zsw(String), zsw(String), zsw(String)
2021-03-09 08:20:44,578 DEBUG (BaseJdbcLogger.java:137)- ====>  Preparing: select * from role where id = ? and is_delete = 0
2021-03-09 08:20:44,580 DEBUG (BaseJdbcLogger.java:137)- ====> Parameters: 1(Long)
2021-03-09 08:20:44,586 DEBUG (BaseJdbcLogger.java:137)- ======>  Preparing: select * from role where id = ? and is_delete = 0
2021-03-09 08:20:44,587 DEBUG (BaseJdbcLogger.java:137)- ======> Parameters: 0(Integer)
2021-03-09 08:20:44,605 DEBUG (BaseJdbcLogger.java:137)- <======      Total: 0
2021-03-09 08:20:44,607 DEBUG (BaseJdbcLogger.java:137)- ======>  Preparing: select re.* from resource re left join role_resource rr on rr.resource_id = re.id where rr.role_id = ?
2021-03-09 08:20:44,608 DEBUG (BaseJdbcLogger.java:137)- ======> Parameters: 1(Long)
2021-03-09 08:20:44,612 DEBUG (BaseJdbcLogger.java:137)- ========>  Preparing: select * from resource where id = ? and is_delete = 0
2021-03-09 08:20:44,613 DEBUG (BaseJdbcLogger.java:137)- ========> Parameters: 0(Long)
2021-03-09 08:20:44,617 DEBUG (BaseJdbcLogger.java:137)- <========      Total: 0
2021-03-09 08:20:44,620 DEBUG (BaseJdbcLogger.java:137)- ========>  Preparing: select * from resource where id = ? and is_delete = 0
2021-03-09 08:20:44,621 DEBUG (BaseJdbcLogger.java:137)- ========> Parameters: 2(Long)
2021-03-09 08:20:44,630 DEBUG (BaseJdbcLogger.java:137)- <========      Total: 1
2021-03-09 08:20:44,632 DEBUG (BaseJdbcLogger.java:137)- <======      Total: 4
2021-03-09 08:20:44,633 DEBUG (BaseJdbcLogger.java:137)- <====      Total: 1
2021-03-09 08:20:44,634 DEBUG (BaseJdbcLogger.java:137)- ====>  Preparing: select * from organization where id = ? and is_delete = 0
2021-03-09 08:20:44,635 DEBUG (BaseJdbcLogger.java:137)- ====> Parameters: 1(Long)
2021-03-09 08:20:44,643 DEBUG (BaseJdbcLogger.java:137)- ======>  Preparing: select * from organization where id = ? and is_delete = 0
2021-03-09 08:20:44,644 DEBUG (BaseJdbcLogger.java:137)- ======> Parameters: 0(Integer)
2021-03-09 08:20:44,649 DEBUG (BaseJdbcLogger.java:137)- <======      Total: 0
2021-03-09 08:20:44,650 DEBUG (BaseJdbcLogger.java:137)- <====      Total: 1
2021-03-09 08:20:44,651 DEBUG (BaseJdbcLogger.java:137)- <==      Total: 1
2021-03-09 08:20:44,733 DEBUG (AbstractUserDetailsAuthenticationProvider.java:199)- Authenticated user
2021-03-09 08:20:44,735 DEBUG (BaseJdbcLogger.java:137)- ==>  Preparing: select u.* from user u where (u.name = ? or u.phone = ? or u.email = ?) and is_delete = 0
2021-03-09 08:20:44,736 DEBUG (BaseJdbcLogger.java:137)- ==> Parameters: zsw(String), zsw(String), zsw(String)
2021-03-09 08:20:44,742 DEBUG (BaseJdbcLogger.java:137)- ====>  Preparing: select * from role where id = ? and is_delete = 0
2021-03-09 08:20:44,743 DEBUG (BaseJdbcLogger.java:137)- ====> Parameters: 1(Long)
2021-03-09 08:20:44,747 DEBUG (BaseJdbcLogger.java:137)- ======>  Preparing: select * from role where id = ? and is_delete = 0
2021-03-09 08:20:44,747 DEBUG (BaseJdbcLogger.java:137)- ======> Parameters: 0(Integer)
2021-03-09 08:20:44,751 DEBUG (BaseJdbcLogger.java:137)- <======      Total: 0
2021-03-09 08:20:44,752 DEBUG (BaseJdbcLogger.java:137)- ======>  Preparing: select re.* from resource re left join role_resource rr on rr.resource_id = re.id where rr.role_id = ?
2021-03-09 08:20:44,753 DEBUG (BaseJdbcLogger.java:137)- ======> Parameters: 1(Long)
2021-03-09 08:20:44,757 DEBUG (BaseJdbcLogger.java:137)- ========>  Preparing: select * from resource where id = ? and is_delete = 0
2021-03-09 08:20:44,758 DEBUG (BaseJdbcLogger.java:137)- ========> Parameters: 0(Long)
2021-03-09 08:20:44,763 DEBUG (BaseJdbcLogger.java:137)- <========      Total: 0
2021-03-09 08:20:44,767 DEBUG (BaseJdbcLogger.java:137)- ========>  Preparing: select * from resource where id = ? and is_delete = 0
2021-03-09 08:20:44,768 DEBUG (BaseJdbcLogger.java:137)- ========> Parameters: 2(Long)
2021-03-09 08:20:44,774 DEBUG (BaseJdbcLogger.java:137)- <========      Total: 1
2021-03-09 08:20:44,775 DEBUG (BaseJdbcLogger.java:137)- <======      Total: 4
2021-03-09 08:20:44,775 DEBUG (BaseJdbcLogger.java:137)- <====      Total: 1
2021-03-09 08:20:44,776 DEBUG (BaseJdbcLogger.java:137)- ====>  Preparing: select * from organization where id = ? and is_delete = 0
2021-03-09 08:20:44,777 DEBUG (BaseJdbcLogger.java:137)- ====> Parameters: 1(Long)
2021-03-09 08:20:44,782 DEBUG (BaseJdbcLogger.java:137)- ======>  Preparing: select * from organization where id = ? and is_delete = 0
2021-03-09 08:20:44,783 DEBUG (BaseJdbcLogger.java:137)- ======> Parameters: 0(Integer)
2021-03-09 08:20:44,790 DEBUG (BaseJdbcLogger.java:137)- <======      Total: 0
2021-03-09 08:20:44,791 DEBUG (BaseJdbcLogger.java:137)- <====      Total: 1
2021-03-09 08:20:44,791 DEBUG (BaseJdbcLogger.java:137)- <==      Total: 1
2021-03-09 08:20:44,795 DEBUG (UserService.java:114)- client userName:zsw,password:123456 auth success
2021-03-09 08:20:44,830 DEBUG (BaseJdbcLogger.java:137)- ==>  Preparing: SELECT id,name,nick_name,pass_word,email,phone,role_id,organization_id,is_delete,is_system,create_date,create_user,update_user,update_date FROM user WHERE is_system=0
2021-03-09 08:20:44,832 DEBUG (BaseJdbcLogger.java:137)- ==> Parameters: 
2021-03-09 08:20:44,839 DEBUG (BaseJdbcLogger.java:137)- <==      Total: 2
2021-03-09 08:20:44,877 INFO (MessageHandler.java:199)- 2021-03-09T08:20:44.877Z --> localUser:张树文 online success; clientCount:1
2021-03-09 08:20:48,350 INFO (MessageHandler.java:221)- 2021-03-09T08:20:48.350Z --> offline; clientCount:0
2021-03-09 08:20:48,351 INFO (MessageHandler.java:92)- client [172.17.0.1:48454] offline
